C51 COMPILER V9.01   I2C                                                                   10/27/2020 22:31:15 PAGE 1   


C51 COMPILER V9.01, COMPILATION OF MODULE I2C
OBJECT MODULE PLACED IN .\Objects\i2c.obj
COMPILER INVOKED BY: B:\Keil\C51\BIN\C51.EXE i2c.c OPTIMIZE(8,SPEED) BROWSE DEBUG OBJECTEXTEND PRINT(.\Listings\i2c.lst)
                    - OBJECT(.\Objects\i2c.obj)

line level    source

   1          #include<i2c.h>
   2          
   3          void Delay10us(void)
   4          {
   5   1              unsigned char a,b;
   6   1              for(b=1;b>0;b--)
   7   1                  for(a=2;a>0;a--);
   8   1      }
   9          
  10          
  11          void I2cStart()                             //Èí¼þ¡ª¡ªÄ£ÄâIICÍ¨ÐÅµäÐÍÆðÊ¼ÐÅºÅ
  12          {
  13   1              SDA=1;                                  //±ØÐëÏÈ½«SDA£¨Êý¾ÝÐÅºÅ£©ÐÅºÅÀ­¸ß
  14   1              Delay10us();
  15   1              SCL=1;                                  //SCL£¨Ê±ÖÓÐÅºÅ£©³ÖÐø±£Ö¤¸ßµçÆ½¡ª¡ªÇÒ±ØÐëÏÈ½«SDAÐÅºÅÀ­¸ßºóÔÙÖ´ÐÐÀ
             -­¸ßSCLÐÅºÅ
  16   1              Delay10us();
  17   1              SDA=0;                                  //À­µÍSDA²úÉúÏÂ½µÑØÐÅºÅ¡ª¡ªÊµÏÖÆðÊ¼ÐÅºÅµÄÈí¼þÄ£Äâ
  18   1              Delay10us();
  19   1              SCL=0;                                  //½«SCLÐÅºÅÔÙ´ÎÀ­µÍ·ÀÖ¹¶ÔºóÐøÐÅºÅ²úÉú¸ÉÈÅ¡ª¡ªÒòµ±SCL=0Ê±£¬ÔÊÐíSDA
             -µÄ×´Ì¬¿É×ÔÓÉ±ä»»£¬´ËÊ±²»»á¶ÔÊý¾ÝSDAÐÅºÅ²úÉúÓ°Ïì
  20   1              Delay10us();
  21   1      }
  22          
  23          void I2cStop()                             //Èí¼þ¡ª¡ªÄ£ÄâIICÍ¨ÐÅµäÐÍÖÕÖ¹ÐÅºÅ¡ª¡ª±¸×¢²Î¿¼£ºIICÍ¨ÐÅµäÐÍÆðÊ¼Ð
             -ÅºÅ
  24          {
  25   1              SDA=0;
  26   1              Delay10us();
  27   1              SCL=1;
  28   1              Delay10us();
  29   1              SDA=1;
  30   1              Delay10us();
  31   1              SCL=0;                                  //½«SCLÐÅºÅÔÙ´ÎÀ­µÍ·ÀÖ¹¶ÔºóÐøÐÅºÅ²úÉú¸ÉÈÅ¡ª¡ªÒòµ±SCL=0Ê±£¬ÔÊÐíSDA
             -µÄ×´Ì¬¿É×ÔÓÉ±ä»»£¬´ËÊ±²»»á¶ÔÊý¾ÝSDAÐÅºÅ²úÉúÓ°Ïì
  32   1              Delay10us();
  33   1      }
  34          
  35          unsigned char I2cSendByte(unsigned char dat)
  36          {
  37   1              unsigned char a=0,b;
  38   1              for(a=0;a<8;a++)
  39   1              {
  40   2                      SDA=dat>>7;
  41   2                      dat=dat<<1;
  42   2                      Delay10us();
  43   2                      SCL=1;
  44   2                      Delay10us();
  45   2                      SCL=0;
  46   2                      Delay10us();
  47   2              }
  48   1              SDA=1;
  49   1              Delay10us();
  50   1              SCL=1;
C51 COMPILER V9.01   I2C                                                                   10/27/2020 22:31:15 PAGE 2   

  51   1              while(SDA)
  52   1              {
  53   2                      b++;
  54   2                      if(b>200)
  55   2                      {
  56   3                              SCL=0;
  57   3                              Delay10us();
  58   3                              return 0;
  59   3                      }
  60   2              }
  61   1              SCL=0;
  62   1              Delay10us();
  63   1              return 1;
  64   1      }
  65          
  66          
  67          unsigned char I2cReadByte()
  68          {
  69   1              unsigned char a=0,dat=0;
  70   1              for(a=0;a<8;a++)
  71   1              {
  72   2                      SCL=1;
  73   2                      Delay10us();
  74   2                      dat<<=1;
  75   2                      dat|=SDA;
  76   2                      Delay10us();
  77   2                      SCL=0;
  78   2                      Delay10us();
  79   2              }
  80   1              return dat;
  81   1      }
  82          
  83          
  84          void At24c02Write(unsigned char addr,unsigned char dat)
  85          {
  86   1              I2cStart();
  87   1              I2cSendByte(0xa0);
  88   1              I2cSendByte(addr);
  89   1              I2cSendByte(dat);
  90   1              I2cStop();
  91   1      }
  92          
  93          unsigned char At24c02Read(unsigned char addr)
  94          {
  95   1              unsigned char num;
  96   1              I2cStart();
  97   1              I2cSendByte(0xa0);
  98   1              I2cSendByte(addr);
  99   1              I2cStart();
 100   1              I2cSendByte(0xa1);
 101   1          num=I2cReadByte();
 102   1              I2cStop();
 103   1              return num;
 104   1      }
 105          
 106          
 107          
 108          


MODULE INFORMATION:   STATIC OVERLAYABLE
   CODE SIZE        =    202    ----
C51 COMPILER V9.01   I2C                                                                   10/27/2020 22:31:15 PAGE 3   

   CONSTANT SIZE    =   ----    ----
   XDATA SIZE       =   ----    ----
   PDATA SIZE       =   ----    ----
   DATA SIZE        =   ----       1
   IDATA SIZE       =   ----    ----
   BIT SIZE         =   ----    ----
END OF MODULE INFORMATION.


C51 COMPILATION COMPLETE.  0 WARNING(S),  0 ERROR(S)
