C51 COMPILER V9.01   KEY_4¡Á4_                                                             01/23/2019 17:05:00 PAGE 1   


C51 COMPILER V9.01, COMPILATION OF MODULE KEY_4¡Á4_
OBJECT MODULE PLACED IN .\Objects\Key_4¡Á4_.obj
COMPILER INVOKED BY: B:\keil4\C51\BIN\C51.EXE Key_4¡Á4_.c OPTIMIZE(8,SPEED) BROWSE DEBUG OBJECTEXTEND PRINT(.\Listings\K
                    -ey_4¡Á4_.lst) TABS(2) OBJECT(.\Objects\Key_4¡Á4_.obj)

line level    source

   1          #include "study.h"
   2          
   3          void main()
   4          {
   5   1        while(1)
   6   1        {
   7   2        LED_cror();
   8   2        }
   9   1      }


MODULE INFORMATION:   STATIC OVERLAYABLE
   CODE SIZE        =      5    ----
   CONSTANT SIZE    =   ----    ----
   XDATA SIZE       =   ----    ----
   PDATA SIZE       =   ----    ----
   DATA SIZE        =   ----    ----
   IDATA SIZE       =   ----    ----
   BIT SIZE         =   ----    ----
END OF MODULE INFORMATION.


C51 COMPILATION COMPLETE.  0 WARNING(S),  0 ERROR(S)
