C51 COMPILER V9.01   LED                                                                   01/24/2019 17:42:31 PAGE 1   


C51 COMPILER V9.01, COMPILATION OF MODULE LED
OBJECT MODULE PLACED IN .\Objects\LED.obj
COMPILER INVOKED BY: B:\keil4\C51\BIN\C51.EXE LED.c OPTIMIZE(8,SPEED) BROWSE DEBUG OBJECTEXTEND PRINT(.\Listings\LED.lst
                    -) TABS(2) OBJECT(.\Objects\LED.obj)

line level    source

   1          #include <Led.h>
*** ERROR C129 IN LINE 11 OF LED.H: missing ';' before 'smgduan'
   2          
   3          
   4          
   5          
   6          
   7          uchar8 smgduan[]={0x3f,0x06,0x5b,0x4f,0x66,0x6d,0x7d,0x07,
   8                     0x7f,0x6f,0x77,0x7c,0x39,0x5e,0x79,0x71,0x00};   //七段数码管对应0~F显示值数组               在
             -.c文件中定义数组，数组可存储在Flash中（定义时可包含code）
   9          
  10                     
  11          

C51 COMPILATION COMPLETE.  0 WARNING(S),  1 ERROR(S)
